<?xml version="1.0" encoding="UTF-8"?>
<robot generator="Robot 6.1.1 (Python 3.12.0 on win32)" generated="20231030 01:43:34.572" rpa="false" schemaversion="4">
<suite id="s1" name="signIn" source="C:\Users\Achmad Nur Iqbal\Sanber50-MobileAutomation-Kelompok11\suites\signIn.robot">
<test id="s1-t1" name="Verify Failed Login (Wrong Username)" line="6">
<kw name="Open Flight Application" library="base">
<kw name="Open Application" library="AppiumLibrary">
<arg>${REMOTE_URL}</arg>
<arg>platformName=${PLATFORM_NAME}</arg>
<arg>platformVersion=${PLATFORM_VERSION}</arg>
<arg>deviceName=${DEVICE_NAME}</arg>
<arg>appPackage=${APP_PACKAGE}</arg>
<arg>appActivity=${APP_ACTIVITY}</arg>
<doc>Opens a new application to given Appium server.
Capabilities of appium server, Android and iOS,
Please check https://github.com/appium/appium/blob/master/docs/en/writing-running-appium/server-args.md
| *Option*            | *Man.* | *Description*     |
| remote_url          | Yes    | Appium server url |
| alias               | no     | alias             |
| strict_ssl          | No     | allows you to send commands to an invalid certificate host like a self-signed one. |</doc>
<status status="PASS" starttime="20231030 01:43:34.887" endtime="20231030 01:43:45.276"/>
</kw>
<status status="PASS" starttime="20231030 01:43:34.886" endtime="20231030 01:43:45.277"/>
</kw>
<kw name="Verify Homepage Appears" library="homePage">
<kw name="Wait Until Element Is Visible" library="AppiumLibrary">
<arg>${appLogo}</arg>
<doc>Waits until element specified with `locator` is visible.</doc>
<msg timestamp="20231030 01:43:46.328" level="INFO">xpath criteria: //android.widget.ImageView[@resource-id="com.example.myapplication:id/imageView4"]</msg>
<status status="PASS" starttime="20231030 01:43:45.278" endtime="20231030 01:43:46.328"/>
</kw>
<kw name="Wait Until Element Is Visible" library="AppiumLibrary">
<arg>${btnLogin}</arg>
<doc>Waits until element specified with `locator` is visible.</doc>
<msg timestamp="20231030 01:43:46.433" level="INFO">xpath criteria: //android.widget.Button[@resource-id="com.example.myapplication:id/login"]</msg>
<status status="PASS" starttime="20231030 01:43:46.329" endtime="20231030 01:43:46.433"/>
</kw>
<kw name="Wait Until Element Is Visible" library="AppiumLibrary">
<arg>${btnSearch}</arg>
<doc>Waits until element specified with `locator` is visible.</doc>
<msg timestamp="20231030 01:43:46.615" level="INFO">xpath criteria: //android.widget.Button[@resource-id="com.example.myapplication:id/button6" and @text="Search"]</msg>
<status status="PASS" starttime="20231030 01:43:46.433" endtime="20231030 01:43:46.615"/>
</kw>
<kw name="Wait Until Element Is Visible" library="AppiumLibrary">
<arg>${btnCheckIn}</arg>
<doc>Waits until element specified with `locator` is visible.</doc>
<msg timestamp="20231030 01:43:46.802" level="INFO">xpath criteria: //android.widget.Button[@resource-id="com.example.myapplication:id/button6" and @text="Check in"]</msg>
<status status="PASS" starttime="20231030 01:43:46.615" endtime="20231030 01:43:46.802"/>
</kw>
<status status="PASS" starttime="20231030 01:43:45.278" endtime="20231030 01:43:46.802"/>
</kw>
<kw name="Click SignIn" library="signIn">
<kw name="Click Element" library="AppiumLibrary">
<arg>${btnLogin}</arg>
<doc>Click element identified by `locator`.</doc>
<msg timestamp="20231030 01:43:46.807" level="INFO">Clicking element '//android.widget.Button[@resource-id="com.example.myapplication:id/login"]'.</msg>
<msg timestamp="20231030 01:43:47.125" level="INFO">xpath criteria: //android.widget.Button[@resource-id="com.example.myapplication:id/login"]</msg>
<status status="PASS" starttime="20231030 01:43:46.804" endtime="20231030 01:43:47.125"/>
</kw>
<status status="PASS" starttime="20231030 01:43:46.803" endtime="20231030 01:43:47.126"/>
</kw>
<kw name="Verify Loginpage Appears" library="signIn">
<kw name="Wait Until Element Is Visible" library="AppiumLibrary">
<arg>${toolbar}</arg>
<doc>Waits until element specified with `locator` is visible.</doc>
<msg timestamp="20231030 01:43:48.520" level="INFO">xpath criteria: //android.view.ViewGroup[@resource-id="com.example.myapplication:id/toolbar"]
xpath criteria: //android.view.ViewGroup[@resource-id="com.example.myapplication:id/toolbar"]</msg>
<status status="PASS" starttime="20231030 01:43:47.127" endtime="20231030 01:43:48.520"/>
</kw>
<kw name="Wait Until Element Is Visible" library="AppiumLibrary">
<arg>${viewgroup}</arg>
<doc>Waits until element specified with `locator` is visible.</doc>
<msg timestamp="20231030 01:43:48.694" level="INFO">xpath criteria: //android.widget.FrameLayout[@resource-id="android:id/content"]/android.view.ViewGroup</msg>
<status status="PASS" starttime="20231030 01:43:48.521" endtime="20231030 01:43:48.694"/>
</kw>
<kw name="Wait Until Element Is Visible" library="AppiumLibrary">
<arg>${linearLayout}</arg>
<doc>Waits until element specified with `locator` is visible.</doc>
<msg timestamp="20231030 01:43:48.878" level="INFO">xpath criteria: //android.widget.LinearLayout[@resource-id="com.example.myapplication:id/linearLayout"]</msg>
<status status="PASS" starttime="20231030 01:43:48.695" endtime="20231030 01:43:48.878"/>
</kw>
<kw name="Wait Until Element Is Visible" library="AppiumLibrary">
<arg>${username_login}</arg>
<doc>Waits until element specified with `locator` is visible.</doc>
<msg timestamp="20231030 01:43:49.051" level="INFO">xpath criteria: //android.widget.EditText[@resource-id="com.example.myapplication:id/username"]</msg>
<status status="PASS" starttime="20231030 01:43:48.879" endtime="20231030 01:43:49.051"/>
</kw>
<status status="PASS" starttime="20231030 01:43:47.126" endtime="20231030 01:43:49.051"/>
</kw>
<kw name="Wrong Input Username" library="signIn">
<kw name="Click Element" library="AppiumLibrary">
<arg>${username_login}</arg>
<doc>Click element identified by `locator`.</doc>
<msg timestamp="20231030 01:43:49.056" level="INFO">Clicking element '//android.widget.EditText[@resource-id="com.example.myapplication:id/username"]'.</msg>
<msg timestamp="20231030 01:43:49.312" level="INFO">xpath criteria: //android.widget.EditText[@resource-id="com.example.myapplication:id/username"]</msg>
<status status="PASS" starttime="20231030 01:43:49.052" endtime="20231030 01:43:49.313"/>
</kw>
<kw name="Input Text" library="AppiumLibrary">
<arg>${username_login}</arg>
<arg>Assurance@ngendigital.com</arg>
<doc>Types the given `text` into text field identified by `locator`.</doc>
<msg timestamp="20231030 01:43:49.315" level="INFO">Typing text 'Assurance@ngendigital.com' into text field '//android.widget.EditText[@resource-id="com.example.myapplication:id/username"]'</msg>
<msg timestamp="20231030 01:43:50.421" level="INFO">xpath criteria: //android.widget.EditText[@resource-id="com.example.myapplication:id/username"]</msg>
<status status="PASS" starttime="20231030 01:43:49.313" endtime="20231030 01:43:50.421"/>
</kw>
<status status="PASS" starttime="20231030 01:43:49.052" endtime="20231030 01:43:50.421"/>
</kw>
<kw name="Input Password" library="signIn">
<kw name="Click Element" library="AppiumLibrary">
<arg>${password_login}</arg>
<doc>Click element identified by `locator`.</doc>
<msg timestamp="20231030 01:43:50.424" level="INFO">Clicking element '//android.widget.EditText[@resource-id="com.example.myapplication:id/password"]'.</msg>
<msg timestamp="20231030 01:43:51.339" level="INFO">xpath criteria: //android.widget.EditText[@resource-id="com.example.myapplication:id/password"]</msg>
<status status="PASS" starttime="20231030 01:43:50.422" endtime="20231030 01:43:51.339"/>
</kw>
<kw name="Input Text" library="AppiumLibrary">
<arg>${password_login}</arg>
<arg>abc123</arg>
<doc>Types the given `text` into text field identified by `locator`.</doc>
<msg timestamp="20231030 01:43:51.341" level="INFO">Typing text 'abc123' into text field '//android.widget.EditText[@resource-id="com.example.myapplication:id/password"]'</msg>
<msg timestamp="20231030 01:43:52.314" level="INFO">xpath criteria: //android.widget.EditText[@resource-id="com.example.myapplication:id/password"]</msg>
<status status="PASS" starttime="20231030 01:43:51.339" endtime="20231030 01:43:52.315"/>
</kw>
<status status="PASS" starttime="20231030 01:43:50.422" endtime="20231030 01:43:52.315"/>
</kw>
<kw name="Click Login" library="signIn">
<kw name="Click Element" library="AppiumLibrary">
<arg>${loginButton}</arg>
<doc>Click element identified by `locator`.</doc>
<msg timestamp="20231030 01:43:52.317" level="INFO">Clicking element '//android.widget.Button[@resource-id="com.example.myapplication:id/signIn"]'.</msg>
<msg timestamp="20231030 01:43:53.271" level="INFO">xpath criteria: //android.widget.Button[@resource-id="com.example.myapplication:id/signIn"]</msg>
<status status="PASS" starttime="20231030 01:43:52.315" endtime="20231030 01:43:53.271"/>
</kw>
<status status="PASS" starttime="20231030 01:43:52.315" endtime="20231030 01:43:53.271"/>
</kw>
<status status="PASS" starttime="20231030 01:43:34.886" endtime="20231030 01:43:53.272"/>
</test>
<test id="s1-t2" name="Verify Failed Login (Wrong Password)" line="15">
<kw name="Open Flight Application" library="base">
<kw name="Open Application" library="AppiumLibrary">
<arg>${REMOTE_URL}</arg>
<arg>platformName=${PLATFORM_NAME}</arg>
<arg>platformVersion=${PLATFORM_VERSION}</arg>
<arg>deviceName=${DEVICE_NAME}</arg>
<arg>appPackage=${APP_PACKAGE}</arg>
<arg>appActivity=${APP_ACTIVITY}</arg>
<doc>Opens a new application to given Appium server.
Capabilities of appium server, Android and iOS,
Please check https://github.com/appium/appium/blob/master/docs/en/writing-running-appium/server-args.md
| *Option*            | *Man.* | *Description*     |
| remote_url          | Yes    | Appium server url |
| alias               | no     | alias             |
| strict_ssl          | No     | allows you to send commands to an invalid certificate host like a self-signed one. |</doc>
<status status="PASS" starttime="20231030 01:43:53.274" endtime="20231030 01:44:04.717"/>
</kw>
<status status="PASS" starttime="20231030 01:43:53.274" endtime="20231030 01:44:04.717"/>
</kw>
<kw name="Verify Homepage Appears" library="homePage">
<kw name="Wait Until Element Is Visible" library="AppiumLibrary">
<arg>${appLogo}</arg>
<doc>Waits until element specified with `locator` is visible.</doc>
<msg timestamp="20231030 01:44:05.793" level="INFO">xpath criteria: //android.widget.ImageView[@resource-id="com.example.myapplication:id/imageView4"]</msg>
<status status="PASS" starttime="20231030 01:44:04.718" endtime="20231030 01:44:05.793"/>
</kw>
<kw name="Wait Until Element Is Visible" library="AppiumLibrary">
<arg>${btnLogin}</arg>
<doc>Waits until element specified with `locator` is visible.</doc>
<msg timestamp="20231030 01:44:05.900" level="INFO">xpath criteria: //android.widget.Button[@resource-id="com.example.myapplication:id/login"]</msg>
<status status="PASS" starttime="20231030 01:44:05.793" endtime="20231030 01:44:05.900"/>
</kw>
<kw name="Wait Until Element Is Visible" library="AppiumLibrary">
<arg>${btnSearch}</arg>
<doc>Waits until element specified with `locator` is visible.</doc>
<msg timestamp="20231030 01:44:06.099" level="INFO">xpath criteria: //android.widget.Button[@resource-id="com.example.myapplication:id/button6" and @text="Search"]</msg>
<status status="PASS" starttime="20231030 01:44:05.900" endtime="20231030 01:44:06.099"/>
</kw>
<kw name="Wait Until Element Is Visible" library="AppiumLibrary">
<arg>${btnCheckIn}</arg>
<doc>Waits until element specified with `locator` is visible.</doc>
<msg timestamp="20231030 01:44:06.280" level="INFO">xpath criteria: //android.widget.Button[@resource-id="com.example.myapplication:id/button6" and @text="Check in"]</msg>
<status status="PASS" starttime="20231030 01:44:06.099" endtime="20231030 01:44:06.280"/>
</kw>
<status status="PASS" starttime="20231030 01:44:04.717" endtime="20231030 01:44:06.280"/>
</kw>
<kw name="Click SignIn" library="signIn">
<kw name="Click Element" library="AppiumLibrary">
<arg>${btnLogin}</arg>
<doc>Click element identified by `locator`.</doc>
<msg timestamp="20231030 01:44:06.283" level="INFO">Clicking element '//android.widget.Button[@resource-id="com.example.myapplication:id/login"]'.</msg>
<msg timestamp="20231030 01:44:06.466" level="INFO">xpath criteria: //android.widget.Button[@resource-id="com.example.myapplication:id/login"]</msg>
<status status="PASS" starttime="20231030 01:44:06.281" endtime="20231030 01:44:06.466"/>
</kw>
<status status="PASS" starttime="20231030 01:44:06.281" endtime="20231030 01:44:06.466"/>
</kw>
<kw name="Verify Loginpage Appears" library="signIn">
<kw name="Wait Until Element Is Visible" library="AppiumLibrary">
<arg>${toolbar}</arg>
<doc>Waits until element specified with `locator` is visible.</doc>
<msg timestamp="20231030 01:44:07.877" level="INFO">xpath criteria: //android.view.ViewGroup[@resource-id="com.example.myapplication:id/toolbar"]</msg>
<status status="PASS" starttime="20231030 01:44:06.468" endtime="20231030 01:44:07.877"/>
</kw>
<kw name="Wait Until Element Is Visible" library="AppiumLibrary">
<arg>${viewgroup}</arg>
<doc>Waits until element specified with `locator` is visible.</doc>
<msg timestamp="20231030 01:44:08.079" level="INFO">xpath criteria: //android.widget.FrameLayout[@resource-id="android:id/content"]/android.view.ViewGroup</msg>
<status status="PASS" starttime="20231030 01:44:07.878" endtime="20231030 01:44:08.079"/>
</kw>
<kw name="Wait Until Element Is Visible" library="AppiumLibrary">
<arg>${linearLayout}</arg>
<doc>Waits until element specified with `locator` is visible.</doc>
<msg timestamp="20231030 01:44:08.318" level="INFO">xpath criteria: //android.widget.LinearLayout[@resource-id="com.example.myapplication:id/linearLayout"]</msg>
<status status="PASS" starttime="20231030 01:44:08.079" endtime="20231030 01:44:08.318"/>
</kw>
<kw name="Wait Until Element Is Visible" library="AppiumLibrary">
<arg>${username_login}</arg>
<doc>Waits until element specified with `locator` is visible.</doc>
<msg timestamp="20231030 01:44:08.560" level="INFO">xpath criteria: //android.widget.EditText[@resource-id="com.example.myapplication:id/username"]</msg>
<status status="PASS" starttime="20231030 01:44:08.318" endtime="20231030 01:44:08.560"/>
</kw>
<status status="PASS" starttime="20231030 01:44:06.467" endtime="20231030 01:44:08.560"/>
</kw>
<kw name="Input Username" library="signIn">
<kw name="Click Element" library="AppiumLibrary">
<arg>${username_login}</arg>
<doc>Click element identified by `locator`.</doc>
<msg timestamp="20231030 01:44:08.564" level="INFO">Clicking element '//android.widget.EditText[@resource-id="com.example.myapplication:id/username"]'.</msg>
<msg timestamp="20231030 01:44:09.783" level="INFO">xpath criteria: //android.widget.EditText[@resource-id="com.example.myapplication:id/username"]</msg>
<status status="PASS" starttime="20231030 01:44:08.561" endtime="20231030 01:44:09.783"/>
</kw>
<kw name="Input Text" library="AppiumLibrary">
<arg>${username_login}</arg>
<arg>support@ngendigital.com</arg>
<doc>Types the given `text` into text field identified by `locator`.</doc>
<msg timestamp="20231030 01:44:09.786" level="INFO">Typing text 'support@ngendigital.com' into text field '//android.widget.EditText[@resource-id="com.example.myapplication:id/username"]'</msg>
<msg timestamp="20231030 01:44:10.056" level="INFO">xpath criteria: //android.widget.EditText[@resource-id="com.example.myapplication:id/username"]</msg>
<status status="PASS" starttime="20231030 01:44:09.784" endtime="20231030 01:44:10.057"/>
</kw>
<status status="PASS" starttime="20231030 01:44:08.561" endtime="20231030 01:44:10.057"/>
</kw>
<kw name="Wrong Input Password" library="signIn">
<kw name="Click Element" library="AppiumLibrary">
<arg>${password_login}</arg>
<doc>Click element identified by `locator`.</doc>
<msg timestamp="20231030 01:44:10.061" level="INFO">Clicking element '//android.widget.EditText[@resource-id="com.example.myapplication:id/password"]'.</msg>
<msg timestamp="20231030 01:44:11.065" level="INFO">xpath criteria: //android.widget.EditText[@resource-id="com.example.myapplication:id/password"]</msg>
<status status="PASS" starttime="20231030 01:44:10.058" endtime="20231030 01:44:11.066"/>
</kw>
<kw name="Input Text" library="AppiumLibrary">
<arg>${password_login}</arg>
<arg>qwertyuiop12345</arg>
<doc>Types the given `text` into text field identified by `locator`.</doc>
<msg timestamp="20231030 01:44:11.068" level="INFO">Typing text 'qwertyuiop12345' into text field '//android.widget.EditText[@resource-id="com.example.myapplication:id/password"]'</msg>
<msg timestamp="20231030 01:44:12.029" level="INFO">xpath criteria: //android.widget.EditText[@resource-id="com.example.myapplication:id/password"]</msg>
<status status="PASS" starttime="20231030 01:44:11.066" endtime="20231030 01:44:12.029"/>
</kw>
<status status="PASS" starttime="20231030 01:44:10.057" endtime="20231030 01:44:12.029"/>
</kw>
<kw name="Click Login" library="signIn">
<kw name="Click Element" library="AppiumLibrary">
<arg>${loginButton}</arg>
<doc>Click element identified by `locator`.</doc>
<msg timestamp="20231030 01:44:12.031" level="INFO">Clicking element '//android.widget.Button[@resource-id="com.example.myapplication:id/signIn"]'.</msg>
<msg timestamp="20231030 01:44:13.008" level="INFO">xpath criteria: //android.widget.Button[@resource-id="com.example.myapplication:id/signIn"]</msg>
<status status="PASS" starttime="20231030 01:44:12.030" endtime="20231030 01:44:13.008"/>
</kw>
<status status="PASS" starttime="20231030 01:44:12.029" endtime="20231030 01:44:13.008"/>
</kw>
<status status="PASS" starttime="20231030 01:43:53.273" endtime="20231030 01:44:13.009"/>
</test>
<test id="s1-t3" name="Successfully login" line="24">
<kw name="Open Flight Application" library="base">
<kw name="Open Application" library="AppiumLibrary">
<arg>${REMOTE_URL}</arg>
<arg>platformName=${PLATFORM_NAME}</arg>
<arg>platformVersion=${PLATFORM_VERSION}</arg>
<arg>deviceName=${DEVICE_NAME}</arg>
<arg>appPackage=${APP_PACKAGE}</arg>
<arg>appActivity=${APP_ACTIVITY}</arg>
<doc>Opens a new application to given Appium server.
Capabilities of appium server, Android and iOS,
Please check https://github.com/appium/appium/blob/master/docs/en/writing-running-appium/server-args.md
| *Option*            | *Man.* | *Description*     |
| remote_url          | Yes    | Appium server url |
| alias               | no     | alias             |
| strict_ssl          | No     | allows you to send commands to an invalid certificate host like a self-signed one. |</doc>
<status status="PASS" starttime="20231030 01:44:13.010" endtime="20231030 01:44:24.446"/>
</kw>
<status status="PASS" starttime="20231030 01:44:13.010" endtime="20231030 01:44:24.446"/>
</kw>
<kw name="Verify Homepage Appears" library="homePage">
<kw name="Wait Until Element Is Visible" library="AppiumLibrary">
<arg>${appLogo}</arg>
<doc>Waits until element specified with `locator` is visible.</doc>
<msg timestamp="20231030 01:44:25.519" level="INFO">xpath criteria: //android.widget.ImageView[@resource-id="com.example.myapplication:id/imageView4"]</msg>
<status status="PASS" starttime="20231030 01:44:24.447" endtime="20231030 01:44:25.519"/>
</kw>
<kw name="Wait Until Element Is Visible" library="AppiumLibrary">
<arg>${btnLogin}</arg>
<doc>Waits until element specified with `locator` is visible.</doc>
<msg timestamp="20231030 01:44:25.633" level="INFO">xpath criteria: //android.widget.Button[@resource-id="com.example.myapplication:id/login"]</msg>
<status status="PASS" starttime="20231030 01:44:25.520" endtime="20231030 01:44:25.633"/>
</kw>
<kw name="Wait Until Element Is Visible" library="AppiumLibrary">
<arg>${btnSearch}</arg>
<doc>Waits until element specified with `locator` is visible.</doc>
<msg timestamp="20231030 01:44:25.739" level="INFO">xpath criteria: //android.widget.Button[@resource-id="com.example.myapplication:id/button6" and @text="Search"]</msg>
<status status="PASS" starttime="20231030 01:44:25.634" endtime="20231030 01:44:25.739"/>
</kw>
<kw name="Wait Until Element Is Visible" library="AppiumLibrary">
<arg>${btnCheckIn}</arg>
<doc>Waits until element specified with `locator` is visible.</doc>
<msg timestamp="20231030 01:44:25.865" level="INFO">xpath criteria: //android.widget.Button[@resource-id="com.example.myapplication:id/button6" and @text="Check in"]</msg>
<status status="PASS" starttime="20231030 01:44:25.740" endtime="20231030 01:44:25.865"/>
</kw>
<status status="PASS" starttime="20231030 01:44:24.447" endtime="20231030 01:44:25.865"/>
</kw>
<kw name="Click SignIn" library="signIn">
<kw name="Click Element" library="AppiumLibrary">
<arg>${btnLogin}</arg>
<doc>Click element identified by `locator`.</doc>
<msg timestamp="20231030 01:44:25.869" level="INFO">Clicking element '//android.widget.Button[@resource-id="com.example.myapplication:id/login"]'.</msg>
<msg timestamp="20231030 01:44:26.087" level="INFO">xpath criteria: //android.widget.Button[@resource-id="com.example.myapplication:id/login"]</msg>
<status status="PASS" starttime="20231030 01:44:25.866" endtime="20231030 01:44:26.087"/>
</kw>
<status status="PASS" starttime="20231030 01:44:25.866" endtime="20231030 01:44:26.087"/>
</kw>
<kw name="Verify Loginpage Appears" library="signIn">
<kw name="Wait Until Element Is Visible" library="AppiumLibrary">
<arg>${toolbar}</arg>
<doc>Waits until element specified with `locator` is visible.</doc>
<msg timestamp="20231030 01:44:27.499" level="INFO">xpath criteria: //android.view.ViewGroup[@resource-id="com.example.myapplication:id/toolbar"]</msg>
<status status="PASS" starttime="20231030 01:44:26.089" endtime="20231030 01:44:27.499"/>
</kw>
<kw name="Wait Until Element Is Visible" library="AppiumLibrary">
<arg>${viewgroup}</arg>
<doc>Waits until element specified with `locator` is visible.</doc>
<msg timestamp="20231030 01:44:27.623" level="INFO">xpath criteria: //android.widget.FrameLayout[@resource-id="android:id/content"]/android.view.ViewGroup</msg>
<status status="PASS" starttime="20231030 01:44:27.499" endtime="20231030 01:44:27.623"/>
</kw>
<kw name="Wait Until Element Is Visible" library="AppiumLibrary">
<arg>${linearLayout}</arg>
<doc>Waits until element specified with `locator` is visible.</doc>
<msg timestamp="20231030 01:44:27.786" level="INFO">xpath criteria: //android.widget.LinearLayout[@resource-id="com.example.myapplication:id/linearLayout"]</msg>
<status status="PASS" starttime="20231030 01:44:27.623" endtime="20231030 01:44:27.786"/>
</kw>
<kw name="Wait Until Element Is Visible" library="AppiumLibrary">
<arg>${username_login}</arg>
<doc>Waits until element specified with `locator` is visible.</doc>
<msg timestamp="20231030 01:44:27.971" level="INFO">xpath criteria: //android.widget.EditText[@resource-id="com.example.myapplication:id/username"]</msg>
<status status="PASS" starttime="20231030 01:44:27.786" endtime="20231030 01:44:27.971"/>
</kw>
<status status="PASS" starttime="20231030 01:44:26.088" endtime="20231030 01:44:27.971"/>
</kw>
<kw name="Input Username" library="signIn">
<kw name="Click Element" library="AppiumLibrary">
<arg>${username_login}</arg>
<doc>Click element identified by `locator`.</doc>
<msg timestamp="20231030 01:44:27.976" level="INFO">Clicking element '//android.widget.EditText[@resource-id="com.example.myapplication:id/username"]'.</msg>
<msg timestamp="20231030 01:44:29.200" level="INFO">xpath criteria: //android.widget.EditText[@resource-id="com.example.myapplication:id/username"]</msg>
<status status="PASS" starttime="20231030 01:44:27.972" endtime="20231030 01:44:29.200"/>
</kw>
<kw name="Input Text" library="AppiumLibrary">
<arg>${username_login}</arg>
<arg>support@ngendigital.com</arg>
<doc>Types the given `text` into text field identified by `locator`.</doc>
<msg timestamp="20231030 01:44:29.203" level="INFO">Typing text 'support@ngendigital.com' into text field '//android.widget.EditText[@resource-id="com.example.myapplication:id/username"]'</msg>
<msg timestamp="20231030 01:44:29.417" level="INFO">xpath criteria: //android.widget.EditText[@resource-id="com.example.myapplication:id/username"]</msg>
<status status="PASS" starttime="20231030 01:44:29.201" endtime="20231030 01:44:29.417"/>
</kw>
<status status="PASS" starttime="20231030 01:44:27.972" endtime="20231030 01:44:29.417"/>
</kw>
<kw name="Input Password" library="signIn">
<kw name="Click Element" library="AppiumLibrary">
<arg>${password_login}</arg>
<doc>Click element identified by `locator`.</doc>
<msg timestamp="20231030 01:44:29.421" level="INFO">Clicking element '//android.widget.EditText[@resource-id="com.example.myapplication:id/password"]'.</msg>
<msg timestamp="20231030 01:44:30.297" level="INFO">xpath criteria: //android.widget.EditText[@resource-id="com.example.myapplication:id/password"]</msg>
<status status="PASS" starttime="20231030 01:44:29.418" endtime="20231030 01:44:30.297"/>
</kw>
<kw name="Input Text" library="AppiumLibrary">
<arg>${password_login}</arg>
<arg>abc123</arg>
<doc>Types the given `text` into text field identified by `locator`.</doc>
<msg timestamp="20231030 01:44:30.299" level="INFO">Typing text 'abc123' into text field '//android.widget.EditText[@resource-id="com.example.myapplication:id/password"]'</msg>
<msg timestamp="20231030 01:44:31.234" level="INFO">xpath criteria: //android.widget.EditText[@resource-id="com.example.myapplication:id/password"]</msg>
<status status="PASS" starttime="20231030 01:44:30.297" endtime="20231030 01:44:31.234"/>
</kw>
<status status="PASS" starttime="20231030 01:44:29.418" endtime="20231030 01:44:31.234"/>
</kw>
<kw name="Click Login" library="signIn">
<kw name="Click Element" library="AppiumLibrary">
<arg>${loginButton}</arg>
<doc>Click element identified by `locator`.</doc>
<msg timestamp="20231030 01:44:31.237" level="INFO">Clicking element '//android.widget.Button[@resource-id="com.example.myapplication:id/signIn"]'.</msg>
<msg timestamp="20231030 01:44:32.187" level="INFO">xpath criteria: //android.widget.Button[@resource-id="com.example.myapplication:id/signIn"]</msg>
<status status="PASS" starttime="20231030 01:44:31.235" endtime="20231030 01:44:32.187"/>
</kw>
<status status="PASS" starttime="20231030 01:44:31.235" endtime="20231030 01:44:32.187"/>
</kw>
<status status="PASS" starttime="20231030 01:44:13.010" endtime="20231030 01:44:32.188"/>
</test>
<status status="PASS" starttime="20231030 01:43:34.574" endtime="20231030 01:44:32.189"/>
</suite>
<statistics>
<total>
<stat pass="3" fail="0" skip="0">All Tests</stat>
</total>
<tag>
</tag>
<suite>
<stat pass="3" fail="0" skip="0" id="s1" name="signIn">signIn</stat>
</suite>
</statistics>
<errors>
</errors>
</robot>
